<?xml version="1.0" encoding="UTF-8"?>
<!-- Generated by org.testng.reporters.JUnitReportReporter -->
<testsuite hostname="CBT-025" name="demo_Jenkins.DemoA" tests="1" failures="0" timestamp="31 Jul 2016 10:14:09 GMT" time="9.266" errors="0">
  <testcase name="demoB" time="9.266" classname="demo_Jenkins.DemoA"/>
</testsuite> <!-- demo_Jenkins.DemoA -->
